2024-06-10T11:51:21  test: strengthen coverage
2024-07-13T18:08:28  chore: tune defaults
2024-07-22T13:25:35  refactor: simplify helper
2024-08-25T08:42:42  chore: routine maintenance
2024-09-27T15:59:49  docs: clarify usage notes
2024-10-14T10:16:56  test: add edge case
2024-11-16T17:33:03  refactor: tidy internals
2024-11-26T12:50:10  fix: handle empty input gracefully
2024-12-29T19:07:17  perf: micro-optimization
2025-01-15T14:24:24  style: formatting
2025-02-17T09:41:31  chore: bump dev tooling
2025-02-27T16:58:38  docs: expand examples
2025-04-01T11:15:45  test: strengthen coverage
2025-04-18T18:32:52  chore: tune defaults
2025-05-21T13:49:59  refactor: simplify helper
2025-06-24T08:06:06  chore: routine maintenance
2025-07-03T15:23:13  docs: clarify usage notes
2025-08-12T10:40:20  test: add edge case
2025-08-22T17:57:27  refactor: tidy internals
2025-09-24T12:14:34  fix: handle empty input gracefully
2025-10-04T19:31:41  perf: micro-optimization
2025-11-06T14:48:48  style: formatting
2025-11-23T09:05:55  chore: bump dev tooling
2025-12-26T16:22:02  docs: expand examples
2026-01-29T11:39:09  test: strengthen coverage
2026-02-07T18:56:16  chore: tune defaults
